2024-12-13 19:45:10.024 [info] Reading sessions from keychain...
2024-12-13 19:45:10.024 [info] Got stored sessions!
2024-12-13 19:45:10.024 [info] Got 2 verified sessions.
2024-12-13 19:45:10.024 [info] Getting sessions for all scopes...
2024-12-13 19:45:10.024 [info] Got 2 sessions for ...
2024-12-13 19:45:10.024 [info] Getting sessions for all scopes...
2024-12-13 19:45:10.024 [info] Got 2 sessions for ...
2024-12-13 19:45:10.024 [info] Getting sessions for read:user,repo,user:email...
2024-12-13 19:45:10.025 [info] Got 0 sessions for read:user,repo,user:email...
2024-12-13 19:45:22.912 [info] Reading sessions from keychain...
2024-12-13 19:45:22.912 [info] Getting sessions for all scopes...
2024-12-13 19:45:22.912 [info] Getting sessions for all scopes...
2024-12-13 19:45:22.912 [info] Got stored sessions!
2024-12-13 19:45:22.912 [info] Got 2 verified sessions.
2024-12-13 19:45:22.912 [info] Got 2 sessions for ...
2024-12-13 19:45:22.912 [info] Got 2 sessions for ...
2024-12-13 19:45:22.912 [info] Getting sessions for read:user,repo,user:email...
2024-12-13 19:45:22.912 [info] Got 0 sessions for read:user,repo,user:email...
2024-12-13 19:45:22.912 [info] Getting sessions for read:user,repo,user:email,workflow...
2024-12-13 19:45:22.912 [info] Got 1 sessions for read:user,repo,user:email,workflow...
2024-12-13 19:45:22.968 [info] Getting sessions for read:user,repo,user:email,workflow...
2024-12-13 19:45:22.968 [info] Got 1 sessions for read:user,repo,user:email,workflow...
2024-12-13 19:45:26.997 [info] Getting sessions for read:user,repo,user:email,workflow...
2024-12-13 19:45:26.997 [info] Got 1 sessions for read:user,repo,user:email,workflow...
