2024-12-05 12:48:02.347 [info] [main] Log level: Info
2024-12-05 12:48:02.347 [info] [main] Validating found git in: "git"
2024-12-05 12:48:02.347 [info] [main] Using git "2.47.1" from "git"
2024-12-05 12:48:02.347 [info] [Model][doInitialScan] Initial repository scan started
2024-12-05 12:48:02.347 [info] > git rev-parse --show-toplevel [13ms]
2024-12-05 12:48:02.347 [info] > git rev-parse --git-dir --git-common-dir [15ms]
2024-12-05 12:48:02.347 [info] [Model][openRepository] Opened repository: /home/alice/.local/share/chezmoi
2024-12-05 12:48:02.347 [info] > git rev-parse --show-toplevel [8ms]
2024-12-05 12:48:02.347 [info] > git config --get commit.template [15ms]
2024-12-05 12:48:02.347 [info] > git rev-parse --show-toplevel [6ms]
2024-12-05 12:48:02.347 [info] > git for-each-ref --format=%(refname)%00%(upstream:short)%00%(objectname)%00%(upstream:track)%00%(upstream:remotename)%00%(upstream:remoteref) refs/heads/main refs/remotes/main [12ms]
2024-12-05 12:48:02.349 [info] > git rev-parse --show-toplevel [5ms]
2024-12-05 12:48:03.938 [info] > git fetch [1665ms]
2024-12-05 12:48:04.399 [info] > git rev-parse --show-toplevel [463ms]
2024-12-05 12:48:04.518 [info] > git config --get commit.template [203ms]
2024-12-05 12:48:04.519 [info] > git for-each-ref --format=%(refname)%00%(upstream:short)%00%(objectname)%00%(upstream:track)%00%(upstream:remotename)%00%(upstream:remoteref) refs/heads/main refs/remotes/main [227ms]
2024-12-05 12:48:04.628 [info] > git check-ignore -v -z --stdin [78ms]
2024-12-05 12:48:04.631 [info] > git config --local branch.main.vscode-merge-base [99ms]
2024-12-05 12:48:04.631 [warning] [Git][config] git config failed: Failed to execute git
2024-12-05 12:48:04.649 [info] > git rev-parse --show-toplevel [134ms]
2024-12-05 12:48:04.649 [info] > git config --get commit.template [155ms]
2024-12-05 12:48:04.697 [info] > git reflog main --grep-reflog=branch: Created from *. [49ms]
2024-12-05 12:48:04.736 [info] > git rev-parse --show-toplevel [42ms]
2024-12-05 12:48:04.736 [info] > git for-each-ref --format=%(refname)%00%(upstream:short)%00%(objectname)%00%(upstream:track)%00%(upstream:remotename)%00%(upstream:remoteref) refs/heads/main refs/remotes/main [60ms]
2024-12-05 12:48:04.776 [info] > git for-each-ref --format=%(refname)%00%(upstream:short)%00%(objectname)%00%(upstream:track)%00%(upstream:remotename)%00%(upstream:remoteref) refs/heads/main refs/remotes/main [48ms]
2024-12-05 12:48:04.776 [info] > git symbolic-ref --short refs/remotes/origin/HEAD [63ms]
2024-12-05 12:48:04.776 [info] fatal: ref refs/remotes/origin/HEAD is not a symbolic ref
2024-12-05 12:48:04.776 [warning] [Repository][getDefaultBranch] Failed to get default branch details: Failed to execute git.
2024-12-05 12:48:04.903 [info] > git merge-base refs/heads/main refs/remotes/origin/main [106ms]
2024-12-05 12:48:04.923 [info] > git rev-parse --show-toplevel [165ms]
2024-12-05 12:48:04.924 [info] [Model][doInitialScan] Initial repository scan completed - repositories (1), closed repositories (0), parent repositories (0), unsafe repositories (0)
2024-12-05 12:48:04.970 [info] > git show --textconv :dot_config/chezmoi/chezmoi.jsonc [31ms]
2024-12-05 12:48:04.972 [info] > git diff --name-status -z --diff-filter=ADMR 74106642ab0315942bdde96086e831e1b6473d22...refs/remotes/origin/main [49ms]
2024-12-05 12:48:05.046 [info] > git ls-files --stage -- /home/alice/.local/share/chezmoi/dot_config/chezmoi/chezmoi.jsonc [87ms]
2024-12-05 12:48:05.117 [info] > git cat-file -s f9f819bc5ecaf2f8d78054f091ca627355616ed0 [57ms]
2024-12-05 12:48:05.299 [info] > git status -z -uall [215ms]
2024-12-05 12:48:05.299 [info] > git for-each-ref --sort -committerdate --format %(refname) %(objectname) %(*objectname) [195ms]
2024-12-05 12:48:05.415 [info] > git ls-files --stage -- /home/alice/.local/share/chezmoi/dot_config/chezmoi/chezmoi.jsonc [81ms]
2024-12-05 12:48:07.116 [info] > git cat-file -s f9f819bc5ecaf2f8d78054f091ca627355616ed0 [1685ms]
2024-12-05 12:48:07.341 [info] > git show --textconv :dot_config/chezmoi/chezmoi.jsonc [16ms]
2024-12-05 12:48:09.595 [info] > git check-ignore -v -z --stdin [10ms]
2024-12-05 12:48:10.465 [info] > git check-ignore -v -z --stdin [10ms]
2024-12-05 12:48:13.868 [info] > git check-ignore -v -z --stdin [10ms]
2024-12-05 12:48:17.207 [info] > git show --textconv :dot_config/etc/fonts/conf.d/10-hinting-slight.conf [61ms]
2024-12-05 12:48:17.212 [info] > git ls-files --stage -- /home/alice/.local/share/chezmoi/dot_config/etc/fonts/conf.d/10-hinting-slight.conf [6ms]
2024-12-05 12:48:17.236 [info] > git cat-file -s 2a77a71686363fb735361b6723bf00d9939d39ed [5ms]
2024-12-05 12:48:23.678 [info] > git check-ignore -v -z --stdin [3ms]
2024-12-05 12:48:26.884 [info] > git check-ignore -v -z --stdin [4ms]
2024-12-05 12:48:28.767 [info] > git check-ignore -v -z --stdin [5ms]
2024-12-05 12:48:36.261 [info] > git show --textconv :dot_config/chezmoi/chezmoi.jsonc [20ms]
2024-12-05 12:48:36.296 [info] > git ls-files --stage -- /home/alice/.local/share/chezmoi/dot_config/chezmoi/chezmoi.jsonc [36ms]
2024-12-05 12:48:36.339 [info] > git cat-file -s f9f819bc5ecaf2f8d78054f091ca627355616ed0 [5ms]
2024-12-05 13:35:50.594 [info] > git fetch [852ms]
2024-12-05 13:35:50.680 [info] > git config --get commit.template [38ms]
2024-12-05 13:35:50.681 [info] > git for-each-ref --format=%(refname)%00%(upstream:short)%00%(objectname)%00%(upstream:track)%00%(upstream:remotename)%00%(upstream:remoteref) refs/heads/main refs/remotes/main [4ms]
2024-12-05 13:35:50.716 [info] > git for-each-ref --sort -committerdate --format %(refname) %(objectname) %(*objectname) [3ms]
2024-12-05 13:35:50.732 [info] > git status -z -uall [35ms]
2024-12-05 13:35:51.842 [info] > git ls-files --stage -- /home/alice/.local/share/chezmoi/dot_config/chezmoi/chezmoi.jsonc [7ms]
2024-12-05 13:35:51.894 [info] > git cat-file -s f9f819bc5ecaf2f8d78054f091ca627355616ed0 [6ms]
2024-12-05 13:35:51.935 [info] > git show --textconv :dot_config/chezmoi/chezmoi.jsonc [4ms]
