2024-12-05 15:31:44.757 [info] Added views:outline in workbench.view.explorer
2024-12-05 15:31:44.757 [info] Added views:workbench.view.search in workbench.view.search
2024-12-05 15:31:44.757 [info] Added views:workbench.scm in workbench.view.scm
2024-12-05 15:31:44.757 [info] Added views:workbench.panel.markers.view in workbench.panel.markers
2024-12-05 15:31:44.757 [info] Added views:workbench.panel.output in workbench.panel.output
2024-12-05 15:31:44.757 [info] Added views:terminal in terminal
2024-12-05 15:31:44.757 [info] Added views:timeline in workbench.view.explorer
2024-12-05 15:31:44.758 [info] Added views:workbench.explorer.emptyView in workbench.view.explorer
2024-12-05 15:31:45.197 [info] Added views:workbench.debug.variablesView,workbench.debug.watchExpressionsView,workbench.debug.callStackView,workbench.debug.breakPointsView in workbench.view.debug
2024-12-05 15:31:46.327 [info] Added views:gitlens.views.home,gitlens.views.launchpad,gitlens.views.workspaces in workbench.view.extension.gitlens
2024-12-05 15:31:46.328 [info] Added views:gitlens.views.commitDetails,gitlens.views.lineHistory,gitlens.views.fileHistory,gitlens.views.searchAndCompare in workbench.view.extension.gitlensInspect
2024-12-05 15:31:46.330 [info] Added views:gitlens.views.scm.grouped in workbench.view.scm
2024-12-05 15:31:46.332 [info] Added views:cSpellInfoView in workbench.view.extension.cspell-info-explorer
2024-12-05 15:31:46.332 [info] Added views:cSpellIssuesViewByFile,cSpellIssuesViewByIssue in workbench.view.extension.cspellPanel
2024-12-05 15:31:46.868 [info] Added views:workbench.panel.repl.view in workbench.panel.repl
2024-12-05 15:31:46.869 [info] Removed views:workbench.debug.breakPointsView,workbench.debug.callStackView,workbench.debug.watchExpressionsView,workbench.debug.variablesView from workbench.view.debug
2024-12-05 15:31:46.871 [info] Added views:workbench.debug.welcome in workbench.view.debug
2024-12-05 15:31:47.297 [info] Added views:~remote.forwardedPorts in ~remote.forwardedPortsContainer
2024-12-05 15:31:48.222 [info] Removed views:gitlens.views.workspaces from workbench.view.extension.gitlens
2024-12-05 15:31:48.224 [info] Removed views:gitlens.views.searchAndCompare,gitlens.views.fileHistory,gitlens.views.lineHistory,gitlens.views.commitDetails from workbench.view.extension.gitlensInspect
2024-12-05 15:31:48.227 [info] Removed views:gitlens.views.scm.grouped from workbench.view.scm
