2024-12-05 12:35:41.888 [info] [main] Log level: Info
2024-12-05 12:35:41.888 [info] [main] Validating found git in: "git"
2024-12-05 12:35:41.888 [info] [main] Using git "2.47.1" from "git"
2024-12-05 12:35:41.888 [info] [Model][doInitialScan] Initial repository scan started
2024-12-05 12:35:41.888 [info] > git rev-parse --show-toplevel [7ms]
2024-12-05 12:35:41.888 [info] > git rev-parse --git-dir --git-common-dir [7ms]
2024-12-05 12:35:41.888 [info] [Model][openRepository] Opened repository: /home/alice/.local/share/chezmoi
2024-12-05 12:35:41.894 [info] > git rev-parse --show-toplevel [15ms]
2024-12-05 12:35:41.896 [info] > git config --get commit.template [26ms]
2024-12-05 12:35:43.447 [info] > git fetch [1605ms]
2024-12-05 12:35:44.116 [info] > git check-ignore -v -z --stdin [100ms]
2024-12-05 12:35:44.124 [info] > git config --get commit.template [255ms]
2024-12-05 12:35:44.124 [info] > git for-each-ref --format=%(refname)%00%(upstream:short)%00%(objectname)%00%(upstream:track)%00%(upstream:remotename)%00%(upstream:remoteref) refs/heads/main refs/remotes/main [274ms]
2024-12-05 12:35:44.126 [info] > git rev-parse --show-toplevel [288ms]
2024-12-05 12:35:44.267 [info] > git rev-parse --show-toplevel [35ms]
2024-12-05 12:35:44.297 [info] > git for-each-ref --format=%(refname)%00%(upstream:short)%00%(objectname)%00%(upstream:track)%00%(upstream:remotename)%00%(upstream:remoteref) refs/heads/main refs/remotes/main [34ms]
2024-12-05 12:35:44.328 [info] > git rev-parse --show-toplevel [34ms]
2024-12-05 12:35:44.427 [info] > git for-each-ref --format=%(refname)%00%(upstream:short)%00%(objectname)%00%(upstream:track)%00%(upstream:remotename)%00%(upstream:remoteref) refs/heads/main refs/remotes/main [109ms]
2024-12-05 12:35:44.458 [info] > git rev-parse --show-toplevel [72ms]
2024-12-05 12:35:44.459 [info] > git config --get commit.template [90ms]
2024-12-05 12:35:44.552 [info] > git config --local branch.main.vscode-merge-base [108ms]
2024-12-05 12:35:44.552 [warning] [Git][config] git config failed: Failed to execute git
2024-12-05 12:35:44.614 [info] > git reflog main --grep-reflog=branch: Created from *. [42ms]
2024-12-05 12:35:44.634 [info] > git rev-parse --show-toplevel [125ms]
2024-12-05 12:35:44.634 [info] > git for-each-ref --format=%(refname)%00%(upstream:short)%00%(objectname)%00%(upstream:track)%00%(upstream:remotename)%00%(upstream:remoteref) refs/heads/main refs/remotes/main [149ms]
2024-12-05 12:35:44.878 [info] > git config --local branch.main.vscode-merge-base [225ms]
2024-12-05 12:35:44.878 [warning] [Git][config] git config failed: Failed to execute git
2024-12-05 12:35:44.893 [info] > git symbolic-ref --short refs/remotes/origin/HEAD [260ms]
2024-12-05 12:35:44.893 [info] fatal: ref refs/remotes/origin/HEAD is not a symbolic ref
2024-12-05 12:35:44.893 [warning] [Repository][getDefaultBranch] Failed to get default branch details: Failed to execute git.
2024-12-05 12:35:44.910 [info] > git for-each-ref --format=%(refname)%00%(upstream:short)%00%(objectname)%00%(upstream:track)%00%(upstream:remotename)%00%(upstream:remoteref) refs/heads/main refs/remotes/main [313ms]
2024-12-05 12:35:44.943 [info] > git merge-base refs/heads/main refs/remotes/origin/main [33ms]
2024-12-05 12:35:44.958 [info] > git reflog main --grep-reflog=branch: Created from *. [65ms]
2024-12-05 12:35:44.973 [info] > git rev-parse --show-toplevel [106ms]
2024-12-05 12:35:44.973 [info] [Model][doInitialScan] Initial repository scan completed - repositories (1), closed repositories (0), parent repositories (0), unsafe repositories (0)
2024-12-05 12:35:45.022 [info] > git show --textconv :dot_config/chezmoi/chezmoi.jsonc [31ms]
2024-12-05 12:35:45.023 [info] > git ls-files --stage -- /home/alice/.local/share/chezmoi/dot_config/chezmoi/chezmoi.jsonc [7ms]
2024-12-05 12:35:45.046 [info] > git symbolic-ref --short refs/remotes/origin/HEAD [74ms]
2024-12-05 12:35:45.046 [info] fatal: ref refs/remotes/origin/HEAD is not a symbolic ref
2024-12-05 12:35:45.046 [warning] [Repository][getDefaultBranch] Failed to get default branch details: Failed to execute git.
2024-12-05 12:35:45.069 [info] > git diff --name-status -z --diff-filter=ADMR f9a3496751a1b485a6f4d5c8d3a7b2d89ef7123b...refs/remotes/origin/main [111ms]
2024-12-05 12:35:45.182 [info] > git merge-base refs/heads/main refs/remotes/origin/main [113ms]
2024-12-05 12:35:45.209 [info] > git cat-file -s de389a4a57d2ef399245c715ef972f0791eb1a13 [164ms]
2024-12-05 12:35:45.265 [info] > git diff --name-status -z --diff-filter=ADMR f9a3496751a1b485a6f4d5c8d3a7b2d89ef7123b...refs/remotes/origin/main [55ms]
2024-12-05 12:35:46.990 [info] > git status -z -uall [1749ms]
2024-12-05 12:35:46.991 [info] > git for-each-ref --sort -committerdate --format %(refname) %(objectname) %(*objectname) [1729ms]
2024-12-05 12:35:49.961 [info] > git config --get commit.template [15ms]
2024-12-05 12:35:49.992 [info] > git for-each-ref --format=%(refname)%00%(upstream:short)%00%(objectname)%00%(upstream:track)%00%(upstream:remotename)%00%(upstream:remoteref) refs/heads/main refs/remotes/main [4ms]
2024-12-05 12:35:50.040 [info] > git for-each-ref --sort -committerdate --format %(refname) %(objectname) %(*objectname) [2ms]
2024-12-05 12:35:50.043 [info] > git status -z -uall [29ms]
2024-12-05 12:35:55.131 [info] > git config --get commit.template [39ms]
2024-12-05 12:35:55.134 [info] > git for-each-ref --format=%(refname)%00%(upstream:short)%00%(objectname)%00%(upstream:track)%00%(upstream:remotename)%00%(upstream:remoteref) refs/heads/main refs/remotes/main [4ms]
2024-12-05 12:35:55.184 [info] > git for-each-ref --sort -committerdate --format %(refname) %(objectname) %(*objectname) [2ms]
2024-12-05 12:35:55.187 [info] > git status -z -uall [26ms]
2024-12-05 12:36:00.068 [info] > git ls-files --stage -- /home/alice/.local/share/chezmoi/dot_config/chezmoi/chezmoi.jsonc [3ms]
2024-12-05 12:36:00.087 [info] > git cat-file -s de389a4a57d2ef399245c715ef972f0791eb1a13 [2ms]
2024-12-05 12:36:00.110 [info] > git show --textconv :dot_config/chezmoi/chezmoi.jsonc [4ms]
2024-12-05 12:36:00.282 [info] > git config --get commit.template [40ms]
2024-12-05 12:36:00.284 [info] > git for-each-ref --format=%(refname)%00%(upstream:short)%00%(objectname)%00%(upstream:track)%00%(upstream:remotename)%00%(upstream:remoteref) refs/heads/main refs/remotes/main [4ms]
2024-12-05 12:36:00.341 [info] > git for-each-ref --sort -committerdate --format %(refname) %(objectname) %(*objectname) [3ms]
2024-12-05 12:36:00.349 [info] > git status -z -uall [38ms]
2024-12-05 12:36:05.398 [info] > git config --get commit.template [4ms]
2024-12-05 12:36:05.419 [info] > git for-each-ref --format=%(refname)%00%(upstream:short)%00%(objectname)%00%(upstream:track)%00%(upstream:remotename)%00%(upstream:remoteref) refs/heads/main refs/remotes/main [2ms]
2024-12-05 12:36:05.447 [info] > git for-each-ref --sort -committerdate --format %(refname) %(objectname) %(*objectname) [1ms]
2024-12-05 12:36:05.449 [info] > git status -z -uall [18ms]
2024-12-05 12:36:10.508 [info] > git config --get commit.template [22ms]
2024-12-05 12:36:10.509 [info] > git for-each-ref --format=%(refname)%00%(upstream:short)%00%(objectname)%00%(upstream:track)%00%(upstream:remotename)%00%(upstream:remoteref) refs/heads/main refs/remotes/main [1ms]
2024-12-05 12:36:10.542 [info] > git for-each-ref --sort -committerdate --format %(refname) %(objectname) %(*objectname) [1ms]
2024-12-05 12:36:10.544 [info] > git status -z -uall [19ms]
