2024-12-05 14:51:19.257 [info] Added views:outline in workbench.view.explorer
2024-12-05 14:51:19.257 [info] Added views:workbench.view.search in workbench.view.search
2024-12-05 14:51:19.257 [info] Added views:workbench.scm in workbench.view.scm
2024-12-05 14:51:19.257 [info] Added views:workbench.panel.markers.view in workbench.panel.markers
2024-12-05 14:51:19.257 [info] Added views:workbench.panel.output in workbench.panel.output
2024-12-05 14:51:19.257 [info] Added views:terminal in terminal
2024-12-05 14:51:19.257 [info] Added views:timeline in workbench.view.explorer
2024-12-05 14:51:19.257 [info] Added views:workbench.explorer.emptyView in workbench.view.explorer
2024-12-05 14:51:19.469 [info] Added views:workbench.debug.variablesView,workbench.debug.watchExpressionsView,workbench.debug.callStackView,workbench.debug.breakPointsView in workbench.view.debug
2024-12-05 14:51:21.192 [info] Added views:github.cweijan.mysql in workbench.view.extension.github-cweijan-mysql
2024-12-05 14:51:21.192 [info] Added views:github.cweijan.nosql in workbench.view.extension.github-cweijan-nosql
2024-12-05 14:51:21.194 [info] Added views:gitlens.views.home,gitlens.views.launchpad,gitlens.views.workspaces in workbench.view.extension.gitlens
2024-12-05 14:51:21.195 [info] Added views:gitlens.views.commitDetails,gitlens.views.lineHistory,gitlens.views.fileHistory,gitlens.views.searchAndCompare in workbench.view.extension.gitlensInspect
2024-12-05 14:51:21.197 [info] Added views:gitlens.views.scm.grouped in workbench.view.scm
2024-12-05 14:51:21.198 [info] Added views:cSpellInfoView in workbench.view.extension.cspell-info-explorer
2024-12-05 14:51:21.199 [info] Added views:cSpellIssuesViewByFile,cSpellIssuesViewByIssue in workbench.view.extension.cspellPanel
2024-12-05 14:51:21.835 [info] Added views:workbench.panel.repl.view in workbench.panel.repl
2024-12-05 14:51:21.843 [info] Removed views:workbench.debug.breakPointsView,workbench.debug.callStackView,workbench.debug.watchExpressionsView,workbench.debug.variablesView from workbench.view.debug
2024-12-05 14:51:21.853 [info] Added views:workbench.debug.welcome in workbench.view.debug
2024-12-05 14:51:22.184 [info] Added views:~remote.forwardedPorts in ~remote.forwardedPortsContainer
2024-12-05 14:51:26.726 [info] Removed views:gitlens.views.searchAndCompare,gitlens.views.fileHistory,gitlens.views.lineHistory,gitlens.views.commitDetails from workbench.view.extension.gitlensInspect
2024-12-05 14:51:26.729 [info] Removed views:gitlens.views.scm.grouped from workbench.view.scm
2024-12-05 14:51:26.876 [info] Added views:gitlens.views.drafts in workbench.view.extension.gitlens
2024-12-05 14:51:33.769 [info] Added views:outline in workbench.view.explorer
2024-12-05 14:51:33.770 [info] Added views:workbench.view.search in workbench.view.search
2024-12-05 14:51:33.770 [info] Added views:workbench.scm in workbench.view.scm
2024-12-05 14:51:33.770 [info] Added views:workbench.panel.markers.view in workbench.panel.markers
2024-12-05 14:51:33.770 [info] Added views:workbench.panel.output in workbench.panel.output
2024-12-05 14:51:33.770 [info] Added views:terminal in terminal
2024-12-05 14:51:33.770 [info] Added views:timeline in workbench.view.explorer
2024-12-05 14:51:33.770 [info] Added views:workbench.explorer.fileView in workbench.view.explorer
2024-12-05 14:51:34.557 [info] Added views:workbench.debug.welcome in workbench.view.debug
2024-12-05 14:51:35.494 [info] Added views:github.cweijan.mysql in workbench.view.extension.github-cweijan-mysql
2024-12-05 14:51:35.494 [info] Added views:github.cweijan.nosql in workbench.view.extension.github-cweijan-nosql
2024-12-05 14:51:35.495 [info] Added views:gitlens.views.home,gitlens.views.launchpad,gitlens.views.workspaces in workbench.view.extension.gitlens
2024-12-05 14:51:35.496 [info] Added views:gitlens.views.commitDetails,gitlens.views.lineHistory,gitlens.views.fileHistory,gitlens.views.searchAndCompare in workbench.view.extension.gitlensInspect
2024-12-05 14:51:35.498 [info] Added views:gitlens.views.scm.grouped in workbench.view.scm
2024-12-05 14:51:35.499 [info] Added views:cSpellInfoView in workbench.view.extension.cspell-info-explorer
2024-12-05 14:51:35.500 [info] Added views:cSpellIssuesViewByFile,cSpellIssuesViewByIssue in workbench.view.extension.cspellPanel
2024-12-05 14:51:36.246 [info] Added views:workbench.panel.repl.view in workbench.panel.repl
2024-12-05 14:51:37.520 [info] Added views:~remote.forwardedPorts in ~remote.forwardedPortsContainer
2024-12-05 14:51:38.371 [info] Added views:workbench.view.testing in workbench.view.extension.test
2024-12-05 14:51:41.672 [info] Removed views:gitlens.views.searchAndCompare,gitlens.views.fileHistory,gitlens.views.lineHistory,gitlens.views.commitDetails from workbench.view.extension.gitlensInspect
2024-12-05 14:51:41.673 [info] Removed views:gitlens.views.scm.grouped from workbench.view.scm
2024-12-05 14:51:42.432 [info] Added views:gitlens.views.drafts in workbench.view.extension.gitlens
2024-12-05 15:16:38.308 [info] Removed views:workbench.view.testing from workbench.view.extension.test
