2024-12-13 19:45:05.692 [info] Added views:outline in workbench.view.explorer
2024-12-13 19:45:05.692 [info] Added views:workbench.view.search in workbench.view.search
2024-12-13 19:45:05.692 [info] Added views:workbench.scm in workbench.view.scm
2024-12-13 19:45:05.692 [info] Added views:workbench.panel.markers.view in workbench.panel.markers
2024-12-13 19:45:05.692 [info] Added views:workbench.panel.output in workbench.panel.output
2024-12-13 19:45:05.692 [info] Added views:terminal in terminal
2024-12-13 19:45:05.692 [info] Added views:timeline in workbench.view.explorer
2024-12-13 19:45:05.692 [info] Added views:workbench.explorer.emptyView in workbench.view.explorer
2024-12-13 19:45:06.722 [info] Added views:workbench.debug.welcome in workbench.view.debug
2024-12-13 19:45:06.965 [info] Added views:gitlens.views.home,gitlens.views.launchpad,gitlens.views.workspaces in workbench.view.extension.gitlens
2024-12-13 19:45:06.967 [info] Added views:gitlens.views.commitDetails,gitlens.views.lineHistory,gitlens.views.fileHistory,gitlens.views.searchAndCompare in workbench.view.extension.gitlensInspect
2024-12-13 19:45:06.968 [info] Added views:gitlens.views.scm.grouped in workbench.view.scm
2024-12-13 19:45:06.968 [info] Added views:cSpellInfoView in workbench.view.extension.cspell-info-explorer
2024-12-13 19:45:06.969 [info] Added views:cSpellIssuesViewByFile,cSpellIssuesViewByIssue in workbench.view.extension.cspellPanel
2024-12-13 19:45:07.541 [info] Added views:workbench.panel.repl.view in workbench.panel.repl
2024-12-13 19:45:07.785 [info] Added views:~remote.forwardedPorts in ~remote.forwardedPortsContainer
2024-12-13 19:45:08.833 [info] Removed views:gitlens.views.workspaces from workbench.view.extension.gitlens
2024-12-13 19:45:08.842 [info] Removed views:gitlens.views.searchAndCompare,gitlens.views.fileHistory,gitlens.views.lineHistory,gitlens.views.commitDetails from workbench.view.extension.gitlensInspect
2024-12-13 19:45:08.844 [info] Removed views:gitlens.views.scm.grouped from workbench.view.scm
2024-12-13 19:45:14.483 [info] Added views:outline in workbench.view.explorer
2024-12-13 19:45:14.483 [info] Added views:workbench.view.search in workbench.view.search
2024-12-13 19:45:14.483 [info] Added views:workbench.scm in workbench.view.scm
2024-12-13 19:45:14.483 [info] Added views:workbench.panel.markers.view in workbench.panel.markers
2024-12-13 19:45:14.483 [info] Added views:workbench.panel.output in workbench.panel.output
2024-12-13 19:45:14.483 [info] Added views:terminal in terminal
2024-12-13 19:45:14.483 [info] Added views:timeline in workbench.view.explorer
2024-12-13 19:45:14.483 [info] Added views:workbench.explorer.fileView in workbench.view.explorer
2024-12-13 19:45:14.869 [info] Added views:workbench.debug.welcome in workbench.view.debug
2024-12-13 19:45:16.585 [info] Added views:github.cweijan.mysql in workbench.view.extension.github-cweijan-mysql
2024-12-13 19:45:16.586 [info] Added views:github.cweijan.nosql in workbench.view.extension.github-cweijan-nosql
2024-12-13 19:45:16.587 [info] Added views:gitlens.views.home,gitlens.views.launchpad,gitlens.views.workspaces in workbench.view.extension.gitlens
2024-12-13 19:45:16.588 [info] Added views:gitlens.views.commitDetails,gitlens.views.lineHistory,gitlens.views.fileHistory,gitlens.views.searchAndCompare in workbench.view.extension.gitlensInspect
2024-12-13 19:45:16.590 [info] Added views:gitlens.views.scm.grouped in workbench.view.scm
2024-12-13 19:45:16.591 [info] Added views:cSpellInfoView in workbench.view.extension.cspell-info-explorer
2024-12-13 19:45:16.591 [info] Added views:cSpellIssuesViewByFile,cSpellIssuesViewByIssue in workbench.view.extension.cspellPanel
2024-12-13 19:45:17.236 [info] Added views:workbench.panel.repl.view in workbench.panel.repl
2024-12-13 19:45:18.883 [info] Added views:workbench.scm.history in workbench.view.scm
2024-12-13 19:45:19.015 [info] Added views:~remote.forwardedPorts in ~remote.forwardedPortsContainer
2024-12-13 19:45:21.852 [info] Added views:gitlens.views.drafts in workbench.view.extension.gitlens
2024-12-13 19:45:22.321 [info] Added views:gitlens.views.graph,gitlens.views.graphDetails in workbench.view.extension.gitlensPanel
2024-12-13 19:45:22.322 [info] Added views:gitlens.views.timeline in workbench.view.extension.gitlensInspect
2024-12-13 19:45:28.910 [info] Added views:workbench.view.testing in workbench.view.extension.test
2024-12-13 19:47:19.837 [info] Removed views:workbench.scm.history from workbench.view.scm
2024-12-13 19:47:19.840 [info] Removed views:workbench.view.testing from workbench.view.extension.test
