2024-12-05 14:51:17.695 [info] [main] Log level: Info
2024-12-05 14:51:17.695 [info] [main] Validating found git in: "git"
2024-12-05 14:51:17.695 [info] [main] Using git "2.47.1" from "git"
2024-12-05 14:51:17.695 [info] [Model][doInitialScan] Initial repository scan started
2024-12-05 14:51:17.695 [info] > git rev-parse --show-toplevel [7ms]
2024-12-05 14:51:17.695 [info] > git rev-parse --git-dir --git-common-dir [4ms]
2024-12-05 14:51:17.695 [info] [Model][openRepository] Opened repository: /home/alice/.local/share/chezmoi
2024-12-05 14:51:17.695 [info] > git config --get commit.template [14ms]
2024-12-05 14:51:17.698 [info] > git rev-parse --show-toplevel [8ms]
2024-12-05 14:51:17.756 [info] > git for-each-ref --format=%(refname)%00%(upstream:short)%00%(objectname)%00%(upstream:track)%00%(upstream:remotename)%00%(upstream:remoteref) refs/heads/main refs/remotes/main [35ms]
2024-12-05 14:51:17.758 [info] > git rev-parse --show-toplevel [10ms]
2024-12-05 14:51:17.792 [info] > git rev-parse --show-toplevel [3ms]
2024-12-05 14:51:17.858 [info] > git rev-parse --show-toplevel [7ms]
2024-12-05 14:51:17.859 [info] > git for-each-ref --sort -committerdate --format %(refname) %(objectname) %(*objectname) [22ms]
2024-12-05 14:51:19.848 [info] > git status -z -uall [2034ms]
2024-12-05 14:51:19.848 [info] > git fetch [2191ms]
2024-12-05 14:51:22.294 [info] > git for-each-ref --format=%(refname)%00%(upstream:short)%00%(objectname)%00%(upstream:track)%00%(upstream:remotename)%00%(upstream:remoteref) refs/heads/main refs/remotes/main [2418ms]
2024-12-05 14:51:22.320 [info] > git rev-parse --show-toplevel [2478ms]
2024-12-05 14:51:22.665 [info] > git check-ignore -v -z --stdin [314ms]
2024-12-05 14:51:22.667 [info] > git config --local branch.main.vscode-merge-base [348ms]
2024-12-05 14:51:22.667 [warning] [Git][config] git config failed: Failed to execute git
2024-12-05 14:51:22.690 [info] > git config --get commit.template [468ms]
2024-12-05 14:51:22.691 [info] > git config --get commit.template [499ms]
2024-12-05 14:51:22.804 [info] > git reflog main --grep-reflog=branch: Created from *. [115ms]
2024-12-05 14:51:22.822 [info] > git rev-parse --show-toplevel [196ms]
2024-12-05 14:51:22.989 [info] > git symbolic-ref --short refs/remotes/origin/HEAD [167ms]
2024-12-05 14:51:22.989 [info] fatal: ref refs/remotes/origin/HEAD is not a symbolic ref
2024-12-05 14:51:22.989 [warning] [Repository][getDefaultBranch] Failed to get default branch details: Failed to execute git.
2024-12-05 14:51:23.055 [info] > git merge-base refs/heads/main refs/remotes/origin/main [29ms]
2024-12-05 14:51:23.089 [info] > git rev-parse --show-toplevel [101ms]
2024-12-05 14:51:23.091 [info] [Model][doInitialScan] Initial repository scan completed - repositories (1), closed repositories (0), parent repositories (0), unsafe repositories (0)
2024-12-05 14:51:23.164 [info] > git for-each-ref --format=%(refname)%00%(upstream:short)%00%(objectname)%00%(upstream:track)%00%(upstream:remotename)%00%(upstream:remoteref) refs/heads/main refs/remotes/main [216ms]
2024-12-05 14:51:23.164 [info] > git for-each-ref --format=%(refname)%00%(upstream:short)%00%(objectname)%00%(upstream:track)%00%(upstream:remotename)%00%(upstream:remoteref) refs/heads/main refs/remotes/main [238ms]
2024-12-05 14:51:23.201 [info] > git show --textconv :dot_config/hypr/conf/monitor.conf [85ms]
2024-12-05 14:51:23.201 [info] > git ls-files --stage -- /home/alice/.local/share/chezmoi/dot_config/hypr/conf/monitor.conf [38ms]
2024-12-05 14:51:23.232 [info] > git diff --name-status -z --diff-filter=ADMR ebf11d85672f23c7aa2cab03cb367380c3ef8a19...refs/remotes/origin/main [146ms]
2024-12-05 14:51:23.281 [info] > git cat-file -s dbdbc8ebea81d32840150f6c59bd6c5068b548bf [50ms]
2024-12-05 14:51:23.752 [info] > git for-each-ref --sort -committerdate --format %(refname) %(objectname) %(*objectname) [173ms]
2024-12-05 14:51:23.777 [info] > git status -z -uall [221ms]
2024-12-05 15:16:38.543 [info] > git config --get commit.template [8ms]
2024-12-05 15:16:38.588 [info] > git for-each-ref --format=%(refname)%00%(upstream:short)%00%(objectname)%00%(upstream:track)%00%(upstream:remotename)%00%(upstream:remoteref) refs/heads/main refs/remotes/main [10ms]
2024-12-05 15:16:38.668 [info] > git for-each-ref --sort -committerdate --format %(refname) %(objectname) %(*objectname) [3ms]
2024-12-05 15:16:38.697 [info] > git status -z -uall [74ms]
2024-12-05 15:16:38.729 [info] > git ls-files --stage -- /home/alice/.local/share/chezmoi/dot_config/hypr/conf/monitor.conf [34ms]
2024-12-05 15:16:38.749 [info] > git merge-base refs/heads/main refs/remotes/origin/main [23ms]
2024-12-05 15:16:38.770 [info] > git cat-file -s dbdbc8ebea81d32840150f6c59bd6c5068b548bf [23ms]
2024-12-05 15:16:38.773 [info] > git diff --name-status -z --diff-filter=ADMR 9f4633bc8a13ef79b3722274b749b2774c363d51...refs/remotes/origin/main [5ms]
2024-12-05 15:16:38.799 [info] > git show --textconv :dot_config/hypr/conf/monitor.conf [4ms]
