2024-12-05 14:51:27.618 [info] Reading sessions from keychain...
2024-12-05 14:51:27.618 [info] Getting sessions for all scopes...
2024-12-05 14:51:27.618 [info] Getting sessions for all scopes...
2024-12-05 14:51:27.618 [info] Got stored sessions!
2024-12-05 14:51:27.618 [info] Got 2 verified sessions.
2024-12-05 14:51:27.618 [info] Got 2 sessions for ...
2024-12-05 14:51:27.618 [info] Got 2 sessions for ...
2024-12-05 14:51:27.618 [info] Getting sessions for read:user,repo,user:email...
2024-12-05 14:51:27.618 [info] Got 0 sessions for read:user,repo,user:email...
2024-12-05 14:51:27.618 [info] Getting sessions for read:user,repo,user:email,workflow...
2024-12-05 14:51:27.618 [info] Got 1 sessions for read:user,repo,user:email,workflow...
2024-12-05 14:51:43.013 [info] Reading sessions from keychain...
2024-12-05 14:51:43.013 [info] Getting sessions for all scopes...
2024-12-05 14:51:43.013 [info] Getting sessions for all scopes...
2024-12-05 14:51:43.013 [info] Got stored sessions!
2024-12-05 14:51:43.013 [info] Got 2 verified sessions.
2024-12-05 14:51:43.013 [info] Got 2 sessions for ...
2024-12-05 14:51:43.013 [info] Got 2 sessions for ...
2024-12-05 14:51:43.013 [info] Getting sessions for read:user,repo,user:email...
2024-12-05 14:51:43.013 [info] Got 0 sessions for read:user,repo,user:email...
2024-12-05 14:51:43.013 [info] Getting sessions for read:user,repo,user:email,workflow...
2024-12-05 14:51:43.013 [info] Got 1 sessions for read:user,repo,user:email,workflow...
