2024-12-05 14:14:25.455 [info] Added views:outline in workbench.view.explorer
2024-12-05 14:14:25.455 [info] Added views:workbench.view.search in workbench.view.search
2024-12-05 14:14:25.455 [info] Added views:workbench.scm in workbench.view.scm
2024-12-05 14:14:25.455 [info] Added views:workbench.panel.markers.view in workbench.panel.markers
2024-12-05 14:14:25.455 [info] Added views:workbench.panel.output in workbench.panel.output
2024-12-05 14:14:25.455 [info] Added views:terminal in terminal
2024-12-05 14:14:25.455 [info] Added views:timeline in workbench.view.explorer
2024-12-05 14:14:25.455 [info] Added views:workbench.explorer.fileView in workbench.view.explorer
2024-12-05 14:14:25.906 [info] Added views:workbench.debug.welcome in workbench.view.debug
2024-12-05 14:14:27.490 [info] Added views:github.cweijan.mysql in workbench.view.extension.github-cweijan-mysql
2024-12-05 14:14:27.491 [info] Added views:github.cweijan.nosql in workbench.view.extension.github-cweijan-nosql
2024-12-05 14:14:27.492 [info] Added views:gitlens.views.home,gitlens.views.launchpad,gitlens.views.workspaces in workbench.view.extension.gitlens
2024-12-05 14:14:27.493 [info] Added views:gitlens.views.commitDetails,gitlens.views.lineHistory,gitlens.views.fileHistory,gitlens.views.searchAndCompare in workbench.view.extension.gitlensInspect
2024-12-05 14:14:27.495 [info] Added views:gitlens.views.scm.grouped in workbench.view.scm
2024-12-05 14:14:27.496 [info] Added views:cSpellInfoView in workbench.view.extension.cspell-info-explorer
2024-12-05 14:14:27.496 [info] Added views:cSpellIssuesViewByFile,cSpellIssuesViewByIssue in workbench.view.extension.cspellPanel
2024-12-05 14:14:28.153 [info] Added views:workbench.panel.repl.view in workbench.panel.repl
2024-12-05 14:14:28.962 [info] Added views:~remote.forwardedPorts in ~remote.forwardedPortsContainer
2024-12-05 14:14:29.749 [info] Added views:workbench.view.testing in workbench.view.extension.test
2024-12-05 14:14:30.444 [info] Added views:workbench.scm.history in workbench.view.scm
2024-12-05 14:14:33.185 [info] Added views:gitlens.views.drafts in workbench.view.extension.gitlens
2024-12-05 14:14:34.139 [info] Added views:gitlens.views.graph,gitlens.views.graphDetails in workbench.view.extension.gitlensPanel
2024-12-05 14:14:34.140 [info] Added views:gitlens.views.timeline in workbench.view.extension.gitlensInspect
2024-12-05 14:43:25.988 [info] Removed views:workbench.scm.history from workbench.view.scm
2024-12-05 14:43:26.002 [info] Removed views:workbench.view.testing from workbench.view.extension.test
