2024-12-05 12:35:07.337 [info] Added views:outline in workbench.view.explorer
2024-12-05 12:35:07.337 [info] Added views:workbench.view.search in workbench.view.search
2024-12-05 12:35:07.337 [info] Added views:workbench.scm in workbench.view.scm
2024-12-05 12:35:07.337 [info] Added views:workbench.panel.markers.view in workbench.panel.markers
2024-12-05 12:35:07.337 [info] Added views:workbench.panel.output in workbench.panel.output
2024-12-05 12:35:07.338 [info] Added views:terminal in terminal
2024-12-05 12:35:07.338 [info] Added views:timeline in workbench.view.explorer
2024-12-05 12:35:07.338 [info] Added views:workbench.explorer.fileView in workbench.view.explorer
2024-12-05 12:35:07.695 [info] Added views:workbench.debug.welcome in workbench.view.debug
2024-12-05 12:35:08.637 [info] Added views:github.cweijan.mysql in workbench.view.extension.github-cweijan-mysql
2024-12-05 12:35:08.638 [info] Added views:github.cweijan.nosql in workbench.view.extension.github-cweijan-nosql
2024-12-05 12:35:08.638 [info] Added views:gitlens.views.home,gitlens.views.launchpad,gitlens.views.workspaces in workbench.view.extension.gitlens
2024-12-05 12:35:08.639 [info] Added views:gitlens.views.commitDetails,gitlens.views.lineHistory,gitlens.views.fileHistory,gitlens.views.searchAndCompare in workbench.view.extension.gitlensInspect
2024-12-05 12:35:08.640 [info] Added views:gitlens.views.scm.grouped in workbench.view.scm
2024-12-05 12:35:08.641 [info] Added views:cSpellInfoView in workbench.view.extension.cspell-info-explorer
2024-12-05 12:35:08.641 [info] Added views:cSpellIssuesViewByFile,cSpellIssuesViewByIssue in workbench.view.extension.cspellPanel
2024-12-05 12:35:08.999 [info] Added views:workbench.panel.repl.view in workbench.panel.repl
2024-12-05 12:35:09.189 [info] Added views:~remote.forwardedPorts in ~remote.forwardedPortsContainer
2024-12-05 12:35:10.284 [info] Added views:workbench.scm.history in workbench.view.scm
2024-12-05 12:35:12.143 [info] Added views:gitlens.views.drafts in workbench.view.extension.gitlens
2024-12-05 12:35:12.542 [info] Added views:gitlens.views.graph,gitlens.views.graphDetails in workbench.view.extension.gitlensPanel
2024-12-05 12:35:12.544 [info] Added views:gitlens.views.timeline in workbench.view.extension.gitlensInspect
2024-12-05 12:35:17.814 [info] Added views:workbench.view.testing in workbench.view.extension.test
2024-12-05 12:35:21.727 [info] Removed views:workbench.scm.history from workbench.view.scm
2024-12-05 12:35:21.731 [info] Removed views:workbench.view.testing from workbench.view.extension.test
