2024-12-05 14:14:30.387 [info] [main] Log level: Info
2024-12-05 14:14:30.387 [info] [main] Validating found git in: "git"
2024-12-05 14:14:30.387 [info] [main] Using git "2.47.1" from "git"
2024-12-05 14:14:30.387 [info] [Model][doInitialScan] Initial repository scan started
2024-12-05 14:14:30.387 [info] > git rev-parse --show-toplevel [43ms]
2024-12-05 14:14:30.387 [info] > git rev-parse --git-dir --git-common-dir [5ms]
2024-12-05 14:14:30.387 [info] [Model][openRepository] Opened repository: /home/alice/.local/share/chezmoi
2024-12-05 14:14:30.387 [info] > git rev-parse --show-toplevel [3ms]
2024-12-05 14:14:30.387 [info] > git config --get commit.template [15ms]
2024-12-05 14:14:30.387 [info] > git rev-parse --show-toplevel [8ms]
2024-12-05 14:14:30.387 [info] > git for-each-ref --format=%(refname)%00%(upstream:short)%00%(objectname)%00%(upstream:track)%00%(upstream:remotename)%00%(upstream:remoteref) refs/heads/main refs/remotes/main [17ms]
2024-12-05 14:14:30.387 [info] > git rev-parse --show-toplevel [5ms]
2024-12-05 14:14:30.393 [info] > git rev-parse --show-toplevel [30ms]
2024-12-05 14:14:30.394 [info] > git for-each-ref --sort -committerdate --format %(refname) %(objectname) %(*objectname) [8ms]
2024-12-05 14:14:30.414 [info] > git status -z -uall [43ms]
2024-12-05 14:14:30.414 [info] > git rev-parse --show-toplevel [6ms]
2024-12-05 14:14:30.447 [info] > git for-each-ref --format=%(refname)%00%(upstream:short)%00%(objectname)%00%(upstream:track)%00%(upstream:remotename)%00%(upstream:remoteref) refs/heads/main refs/remotes/main [19ms]
2024-12-05 14:14:32.704 [info] > git config --local branch.main.vscode-merge-base [2247ms]
2024-12-05 14:14:32.704 [warning] [Git][config] git config failed: Failed to execute git
2024-12-05 14:14:32.718 [info] > git config --get commit.template [2272ms]
2024-12-05 14:14:32.718 [info] > git rev-parse --show-toplevel [2281ms]
2024-12-05 14:14:32.718 [info] > git fetch [2448ms]
2024-12-05 14:14:33.528 [info] > git reflog main --grep-reflog=branch: Created from *. [811ms]
2024-12-05 14:14:33.853 [info] > git check-ignore -v -z --stdin [284ms]
2024-12-05 14:14:33.861 [info] > git symbolic-ref --short refs/remotes/origin/HEAD [316ms]
2024-12-05 14:14:33.861 [info] fatal: ref refs/remotes/origin/HEAD is not a symbolic ref
2024-12-05 14:14:33.862 [warning] [Repository][getDefaultBranch] Failed to get default branch details: Failed to execute git.
2024-12-05 14:14:33.899 [info] > git config --get commit.template [571ms]
2024-12-05 14:14:33.899 [info] > git rev-parse --show-toplevel [587ms]
2024-12-05 14:14:33.900 [info] [Model][doInitialScan] Initial repository scan completed - repositories (1), closed repositories (0), parent repositories (0), unsafe repositories (0)
2024-12-05 14:14:34.039 [info] > git show --textconv :dot_config/chezmoi/chezmoi.jsonc [103ms]
2024-12-05 14:14:34.041 [info] > git ls-files --stage -- /home/alice/.local/share/chezmoi/dot_config/chezmoi/chezmoi.jsonc [76ms]
2024-12-05 14:14:34.062 [info] > git merge-base refs/heads/main refs/remotes/origin/main [170ms]
2024-12-05 14:14:34.087 [info] > git for-each-ref --format=%(refname)%00%(upstream:short)%00%(objectname)%00%(upstream:track)%00%(upstream:remotename)%00%(upstream:remoteref) refs/heads/main refs/remotes/main [258ms]
2024-12-05 14:14:34.133 [info] > git diff --name-status -z --diff-filter=ADMR 74106642ab0315942bdde96086e831e1b6473d22...refs/remotes/origin/main [47ms]
2024-12-05 14:14:34.135 [info] > git cat-file -s f9f819bc5ecaf2f8d78054f091ca627355616ed0 [74ms]
2024-12-05 14:14:34.260 [info] > git for-each-ref --format=%(refname)%00%(upstream:short)%00%(objectname)%00%(upstream:track)%00%(upstream:remotename)%00%(upstream:remoteref) refs/heads/main refs/remotes/main [143ms]
2024-12-05 14:14:34.459 [info] > git ls-files --stage -- /home/alice/.local/share/chezmoi/dot_config/chezmoi/chezmoi.jsonc [133ms]
2024-12-05 14:14:34.650 [info] > git cat-file -s f9f819bc5ecaf2f8d78054f091ca627355616ed0 [157ms]
2024-12-05 14:14:34.911 [info] > git check-ignore -v -z --stdin [205ms]
2024-12-05 14:14:34.912 [info] > git status -z -uall [179ms]
2024-12-05 14:14:34.913 [info] > git for-each-ref --sort -committerdate --format %(refname) %(objectname) %(*objectname) [153ms]
2024-12-05 14:14:37.861 [info] > git check-ignore -v -z --stdin [273ms]
2024-12-05 14:14:39.188 [info] > git check-ignore -v -z --stdin [4ms]
2024-12-05 14:14:41.849 [info] > git check-ignore -v -z --stdin [3ms]
2024-12-05 14:14:42.700 [info] > git show --textconv :dot_config/etc/fonts/conf.d/45-generic.conf [21ms]
2024-12-05 14:14:42.703 [info] > git ls-files --stage -- /home/alice/.local/share/chezmoi/dot_config/etc/fonts/conf.d/45-generic.conf [4ms]
2024-12-05 14:14:42.724 [info] > git cat-file -s f211ed30b774862d4202a76264e079df609dc168 [2ms]
2024-12-05 14:14:42.924 [info] > git check-ignore -v -z --stdin [4ms]
2024-12-05 14:14:44.594 [info] > git show --textconv :dot_config/etc/fonts/conf.d/30-metric-aliases.conf [20ms]
2024-12-05 14:14:44.597 [info] > git ls-files --stage -- /home/alice/.local/share/chezmoi/dot_config/etc/fonts/conf.d/30-metric-aliases.conf [4ms]
2024-12-05 14:14:44.617 [info] > git cat-file -s 552a8fa3b3db35b957b8f9f553b2d20820594613 [2ms]
2024-12-05 14:14:46.194 [info] > git show --textconv :dot_config/etc/fonts/fonts.conf [32ms]
2024-12-05 14:14:46.239 [info] > git ls-files --stage -- /home/alice/.local/share/chezmoi/dot_config/etc/fonts/fonts.conf [50ms]
2024-12-05 14:14:46.270 [info] > git cat-file -s e8524848eda928a4015c5203cd5e3b055a9e589b [5ms]
2024-12-05 14:14:46.529 [info] > git show --textconv :dot_config/alacritty/alacritty.toml [26ms]
2024-12-05 14:14:46.532 [info] > git ls-files --stage -- /home/alice/.local/share/chezmoi/dot_config/alacritty/alacritty.toml [4ms]
2024-12-05 14:14:46.550 [info] > git cat-file -s 5233d30ce30d95be9d189479d5a2746d5a73d0f1 [1ms]
2024-12-05 14:14:46.737 [info] > git check-ignore -v -z --stdin [9ms]
2024-12-05 14:14:49.267 [info] > git show --textconv :eslint.config.mjs [142ms]
2024-12-05 14:14:49.268 [info] > git ls-files --stage -- /home/alice/.local/share/chezmoi/eslint.config.mjs [80ms]
2024-12-05 14:14:49.611 [info] > git cat-file -s f1d7eb44a39263e4817d6b28e5bbbd5ec0f55ff8 [241ms]
2024-12-05 14:14:50.498 [info] > git show --textconv :dot_bashrc [271ms]
2024-12-05 14:14:50.510 [info] > git ls-files --stage -- /home/alice/.local/share/chezmoi/dot_bashrc [230ms]
2024-12-05 14:14:50.590 [info] > git cat-file -s ad567e6317df443875f3b9d4fe96180a2581fff3 [21ms]
2024-12-05 14:14:53.800 [info] > git check-ignore -v -z --stdin [4ms]
2024-12-05 14:15:00.107 [info] > git check-ignore -v -z --stdin [4ms]
2024-12-05 14:15:03.626 [info] > git check-ignore -v -z --stdin [5ms]
2024-12-05 14:15:04.633 [info] > git show --textconv :dot_config/hypr/conf/layouts.conf [24ms]
2024-12-05 14:15:04.635 [info] > git ls-files --stage -- /home/alice/.local/share/chezmoi/dot_config/hypr/conf/layouts.conf [3ms]
2024-12-05 14:15:04.655 [info] > git cat-file -s 4832966f93ec593a40897b05a9592bdc668dce7a [2ms]
2024-12-05 14:15:04.892 [info] > git check-ignore -v -z --stdin [25ms]
2024-12-05 14:15:14.577 [info] > git check-ignore -v -z --stdin [3ms]
2024-12-05 14:15:15.600 [info] > git check-ignore -v -z --stdin [3ms]
2024-12-05 14:15:16.173 [info] > git check-ignore -v -z --stdin [8ms]
2024-12-05 14:15:18.554 [info] > git check-ignore -v -z --stdin [3ms]
2024-12-05 14:15:21.524 [info] > git check-ignore -v -z --stdin [10ms]
2024-12-05 14:15:22.483 [info] > git check-ignore -v -z --stdin [5ms]
2024-12-05 14:15:23.210 [info] > git check-ignore -v -z --stdin [14ms]
2024-12-05 14:15:29.526 [info] > git check-ignore -v -z --stdin [9ms]
2024-12-05 14:29:18.992 [info] > git fetch [741ms]
2024-12-05 14:29:19.044 [info] > git config --get commit.template [17ms]
2024-12-05 14:29:19.045 [info] > git for-each-ref --format=%(refname)%00%(upstream:short)%00%(objectname)%00%(upstream:track)%00%(upstream:remotename)%00%(upstream:remoteref) refs/heads/main refs/remotes/main [1ms]
2024-12-05 14:29:19.081 [info] > git for-each-ref --sort -committerdate --format %(refname) %(objectname) %(*objectname) [3ms]
2024-12-05 14:29:19.085 [info] > git status -z -uall [25ms]
2024-12-05 14:29:20.224 [info] > git ls-files --stage -- /home/alice/.local/share/chezmoi/dot_config/hypr/conf/layouts.conf [3ms]
2024-12-05 14:29:20.240 [info] > git cat-file -s 4832966f93ec593a40897b05a9592bdc668dce7a [2ms]
2024-12-05 14:29:20.257 [info] > git show --textconv :dot_config/hypr/conf/layouts.conf [3ms]
2024-12-05 14:29:22.069 [info] > git show --textconv :dot_config/chezmoi/chezmoi.jsonc [25ms]
2024-12-05 14:29:22.076 [info] > git ls-files --stage -- /home/alice/.local/share/chezmoi/dot_config/chezmoi/chezmoi.jsonc [10ms]
2024-12-05 14:29:22.095 [info] > git cat-file -s f9f819bc5ecaf2f8d78054f091ca627355616ed0 [3ms]
2024-12-05 14:29:25.278 [info] > git check-ignore -v -z --stdin [3ms]
2024-12-05 14:29:26.027 [info] > git check-ignore -v -z --stdin [6ms]
2024-12-05 14:29:33.206 [info] > git check-ignore -v -z --stdin [4ms]
2024-12-05 14:29:34.414 [info] > git check-ignore -v -z --stdin [5ms]
2024-12-05 14:29:36.236 [info] > git show --textconv :dot_config/hypr/conf/monitor.conf [30ms]
2024-12-05 14:29:36.240 [info] > git ls-files --stage -- /home/alice/.local/share/chezmoi/dot_config/hypr/conf/monitor.conf [5ms]
2024-12-05 14:29:36.259 [info] > git cat-file -s dbdbc8ebea81d32840150f6c59bd6c5068b548bf [3ms]
